Arguments: 
  C:\Program Files\nodejs\node.exe C:\Program Files\nodejs\node_global\node_modules\yarn\bin\yarn.js init

PATH: 
  C:\Users\Administrator\bin;D:\DevelopmentProject\Git\mingw64\bin;D:\DevelopmentProject\Git\usr\local\bin;D:\DevelopmentProject\Git\usr\bin;D:\DevelopmentProject\Git\usr\bin;D:\DevelopmentProject\Git\mingw64\bin;D:\DevelopmentProject\Git\usr\bin;C:\Users\Administrator\bin;C:\Windows\system32;C:\Windows;C:\Windows\System32\Wbem;C:\Windows\System32\WindowsPowerShell\v1.0;C:\Windows\System32\OpenSSH;C:\Program Files\nodejs\node_global;D:\DevelopmentProject\Git\cmd;C:\Program Files\nodejs;C:\Program Files\nodejs\node_global;C:\Program Files\TortoiseSVN\bin;C:\Users\Administrator\AppData\Local\Programs\Python\Python39\Scripts;C:\Users\Administrator\AppData\Local\Programs\Python\Python39;C:\Users\Administrator\AppData\Local\Microsoft\WindowsApps;C:\Users\Administrator\AppData\Roaming\npm;D:\DevelopmentProject\Microsoft VS Code\bin;D:\DevelopmentProject\PyCharm Community Edition 2021.3.1\bin;D:\DevelopmentProject\Git\usr\bin\vendor_perl;D:\DevelopmentProject\Git\usr\bin\core_perl

Yarn version: 
  1.22.18

Node version: 
  14.16.0

Platform: 
  win32 x64

Trace: 
  Error: Can't answer a question unless a user TTY
      at ConsoleReporter.question (C:\Program Files\nodejs\node_global\node_modules\yarn\lib\cli.js:92857:59)
      at Object.<anonymous> (C:\Program Files\nodejs\node_global\node_modules\yarn\lib\cli.js:85047:38)
      at Generator.next (<anonymous>)
      at step (C:\Program Files\nodejs\node_global\node_modules\yarn\lib\cli.js:310:30)
      at C:\Program Files\nodejs\node_global\node_modules\yarn\lib\cli.js:321:13
      at processTicksAndRejections (internal/process/task_queues.js:93:5)

npm manifest: 
  No manifest

yarn manifest: 
  No manifest

Lockfile: 
  No lockfile
